#
# A fatal error has been detected by the Java Runtime Environment:
#
#  EXCEPTION_ACCESS_VIOLATION (0xc0000005) at pc=0x000000006678d3e3, pid=19592, tid=0x0000000000005984
#
# JRE version: Java(TM) SE Runtime Environment (8.0_131-b11) (build 1.8.0_131-b11)
# Java VM: Java HotSpot(TM) 64-Bit Server VM (25.131-b11 mixed mode windows-amd64 compressed oops)
# Problematic frame:
# V  [jvm.dll+0xfd3e3]
#
# Failed to write core dump. Minidumps are not enabled by default on client versions of Windows
#
# If you would like to submit a bug report, please visit:
#   http://bugreport.java.com/bugreport/crash.jsp
#

---------------  T H R E A D  ---------------

Current thread (0x000000001e379000):  VMThread [stack: 0x0000000020050000,0x0000000020150000] [id=22916]

siginfo: ExceptionCode=0xc0000005, reading address 0xffffffffffffffff

Registers:
RAX=0x000000000000000b, RBX=0x000000002014f630, RCX=0x000000002014f630, RDX=0xffffffffffffcf4b
RSP=0x000000002014f3e0, RBP=0x000000002014f450, RSI=0x000000002014f630, RDI=0x0000000000000099
R8 =0x000000000000000b, R9 =0x000000001e2054a0, R10=0x03ffffffffffff3d, R11=0x000000002795fa6e
R12=0x0000000000000000, R13=0x000000006678d3c0, R14=0x0000000000000516, R15=0x0000000000000001
RIP=0x000000006678d3e3, EFLAGS=0x0000000000010a02

Top of Stack: (sp=0x000000002014f3e0)
0x000000002014f3e0:   000000002014f630 000000002014f450
0x000000002014f3f0:   0000000000000516 000000006674188e
0x000000002014f400:   000000002014f630 000000006678f1c9
0x000000002014f410:   00008bff5d6535ca 000000002014f630
0x000000002014f420:   000000002014f630 000000006678eca6
0x000000002014f430:   000000002014f4a0 000000002795f90e
0x000000002014f440:   000000000000000e 000000006678eca6
0x000000002014f450:   00000000000003d8 000000001e2057d8
0x000000002014f460:   0000000000000000 0000000000000099
0x000000002014f470:   000000001e379000 000000006678fc54
0x000000002014f480:   000000002014f630 0000000000000000
0x000000002014f490:   0000000000000516 0000000000000513
0x000000002014f4a0:   000000002795fe38 000000001e379000
0x000000002014f4b0:   0000051900000516 000000990000077d
0x000000002014f4c0:   0000000000000000 0000000000000099
0x000000002014f4d0:   0000000000000003 00000000000003d8 

Instructions: (pc=0x000000006678d3e3)
0x000000006678d3c3:   83 ec 20 4c 8b 89 90 00 00 00 48 63 d2 48 8b d9
0x000000006678d3d3:   0f b6 c2 4c 8b d2 24 3f 49 c1 ea 06 44 0f b6 c0
0x000000006678d3e3:   4b 8b 04 d1 4c 0f a3 c0 72 0f 48 83 c1 70 41 b0
0x000000006678d3f3:   01 e8 e7 74 17 00 ff 43 6c 48 83 c4 20 5b c3 cc 


Register to memory mapping:

RAX=0x000000000000000b is an unknown value
RBX=0x000000002014f630 is an unknown value
RCX=0x000000002014f630 is an unknown value
RDX=0xffffffffffffcf4b is an unknown value
RSP=0x000000002014f3e0 is an unknown value
RBP=0x000000002014f450 is an unknown value
RSI=0x000000002014f630 is an unknown value
RDI=0x0000000000000099 is an unknown value
R8 =0x000000000000000b is an unknown value
R9 =0x000000001e2054a0 is an unknown value
R10=0x03ffffffffffff3d is an unknown value
R11=0x000000002795fa6e is pointing into metadata
R12=0x0000000000000000 is an unknown value
R13=0x000000006678d3c0 is an unknown value
R14=0x0000000000000516 is an unknown value
R15=0x0000000000000001 is an unknown value


Stack: [0x0000000020050000,0x0000000020150000],  sp=0x000000002014f3e0,  free space=1020k
Native frames: (J=compiled Java code, j=interpreted, Vv=VM code, C=native code)
V  [jvm.dll+0xfd3e3]
V  [jvm.dll+0xff1c9]
V  [jvm.dll+0xffc54]
V  [jvm.dll+0x103034]
V  [jvm.dll+0xc4a0e]
V  [jvm.dll+0xc5098]
V  [jvm.dll+0xc5513]
V  [jvm.dll+0x10e12a]
V  [jvm.dll+0x12cf7f]
V  [jvm.dll+0x1be7ff]
V  [jvm.dll+0x24c2a7]
V  [jvm.dll+0x24b546]
V  [jvm.dll+0x24b9e1]
V  [jvm.dll+0x24bbfe]
V  [jvm.dll+0x29cc1a]
C  [msvcr100.dll+0x21d9f]
C  [msvcr100.dll+0x21e3b]
C  [KERNEL32.DLL+0x11fe4]
C  [ntdll.dll+0x6efb1]

VM_Operation (0x0000000020f7f300): GetOrSetLocal, mode: safepoint, requested by thread 0x000000002028b800


---------------  P R O C E S S  ---------------

Java Threads: ( => current thread )
  0x000000002a8f9000 JavaThread "Abandoned connection cleanup thread" daemon [_thread_blocked, id=6556, stack(0x000000002d440000,0x000000002d540000)]
  0x000000002a8f1800 JavaThread "Tomcat JDBC Pool Cleaner[414493378:1515770386900]" daemon [_thread_blocked, id=15696, stack(0x000000002d340000,0x000000002d440000)]
  0x000000002a8f8800 JavaThread "DestroyJavaVM" [_thread_blocked, id=19216, stack(0x0000000004740000,0x0000000004840000)]
  0x000000002a8f6000 JavaThread "http-nio-4202-AsyncTimeout" daemon [_thread_blocked, id=22196, stack(0x000000002d240000,0x000000002d340000)]
  0x000000002a8f7000 JavaThread "http-nio-4202-Acceptor-0" daemon [_thread_in_native, id=21480, stack(0x000000002d140000,0x000000002d240000)]
  0x000000002a8f7800 JavaThread "http-nio-4202-ClientPoller-1" daemon [_thread_in_native, id=24500, stack(0x000000002d040000,0x000000002d140000)]
  0x000000002a8f5800 JavaThread "http-nio-4202-ClientPoller-0" daemon [_thread_in_native, id=19244, stack(0x000000002cf40000,0x000000002d040000)]
  0x000000002a8f4000 JavaThread "http-nio-4202-exec-10" daemon [_thread_blocked, id=22040, stack(0x000000002ce40000,0x000000002cf40000)]
  0x000000002a8f3000 JavaThread "http-nio-4202-exec-9" daemon [_thread_blocked, id=1040, stack(0x000000002cd40000,0x000000002ce40000)]
  0x000000002a8f4800 JavaThread "http-nio-4202-exec-8" daemon [_thread_blocked, id=4992, stack(0x000000002cc40000,0x000000002cd40000)]
  0x0000000022a3f800 JavaThread "http-nio-4202-exec-7" daemon [_thread_blocked, id=20072, stack(0x000000002cb40000,0x000000002cc40000)]
  0x0000000022a46000 JavaThread "http-nio-4202-exec-6" daemon [_thread_blocked, id=19292, stack(0x000000002ca40000,0x000000002cb40000)]
  0x0000000022a40000 JavaThread "http-nio-4202-exec-5" daemon [_thread_blocked, id=15708, stack(0x000000002c940000,0x000000002ca40000)]
  0x0000000022a45800 JavaThread "http-nio-4202-exec-4" daemon [_thread_blocked, id=6584, stack(0x000000002c840000,0x000000002c940000)]
  0x0000000022a44800 JavaThread "http-nio-4202-exec-3" daemon [_thread_blocked, id=21948, stack(0x000000002c740000,0x000000002c840000)]
  0x0000000022a41000 JavaThread "http-nio-4202-exec-2" daemon [_thread_blocked, id=18616, stack(0x000000002c640000,0x000000002c740000)]
  0x0000000022a43000 JavaThread "http-nio-4202-exec-1" daemon [_thread_blocked, id=22020, stack(0x000000002c540000,0x000000002c640000)]
  0x0000000022a42800 JavaThread "NioBlockingSelector.BlockPoller-1" daemon [_thread_in_native, id=9432, stack(0x000000002b390000,0x000000002b490000)]
  0x000000002659e000 JavaThread "container-0" [_thread_blocked, id=3892, stack(0x000000002b290000,0x000000002b390000)]
  0x000000002659d000 JavaThread "ContainerBackgroundProcessor[StandardEngine[Tomcat]]" daemon [_thread_blocked, id=16348, stack(0x000000002b190000,0x000000002b290000)]
  0x000000002032d000 JavaThread "Service Thread" daemon [_thread_blocked, id=14952, stack(0x0000000021580000,0x0000000021680000)]
  0x00000000202ae800 JavaThread "C1 CompilerThread3" daemon [_thread_blocked, id=17044, stack(0x0000000021480000,0x0000000021580000)]
  0x00000000202ac800 JavaThread "C2 CompilerThread2" daemon [_thread_blocked, id=24416, stack(0x0000000021380000,0x0000000021480000)]
  0x00000000202ac000 JavaThread "C2 CompilerThread1" daemon [_thread_blocked, id=19152, stack(0x0000000021280000,0x0000000021380000)]
  0x00000000202a3000 JavaThread "C2 CompilerThread0" daemon [_thread_blocked, id=5932, stack(0x0000000021180000,0x0000000021280000)]
  0x0000000020295000 JavaThread "JDWP Command Reader" daemon [_thread_in_native, id=6980, stack(0x0000000021080000,0x0000000021180000)]
  0x0000000020294000 JavaThread "JDWP Event Helper Thread" daemon [_thread_blocked, id=18376, stack(0x0000000020f80000,0x0000000021080000)]
  0x000000002028b800 JavaThread "JDWP Transport Listener: dt_socket" daemon [_thread_blocked, id=18668, stack(0x0000000020e80000,0x0000000020f80000)]
  0x0000000020281000 JavaThread "Attach Listener" daemon [_thread_blocked, id=11556, stack(0x0000000020a40000,0x0000000020b40000)]
  0x0000000020280000 JavaThread "Signal Dispatcher" daemon [_thread_blocked, id=24384, stack(0x0000000020940000,0x0000000020a40000)]
  0x0000000020270800 JavaThread "Finalizer" daemon [_thread_blocked, id=23176, stack(0x0000000020650000,0x0000000020750000)]
  0x000000000493a000 JavaThread "Reference Handler" daemon [_thread_blocked, id=14332, stack(0x0000000020150000,0x0000000020250000)]

Other Threads:
=>0x000000001e379000 VMThread [stack: 0x0000000020050000,0x0000000020150000] [id=22916]
  0x0000000020354000 WatcherThread [stack: 0x0000000021680000,0x0000000021780000] [id=13328]

VM state:at safepoint (normal execution)

VM Mutex/Monitor currently owned by a thread:  ([mutex/lock_event])
[0x0000000004841150] Threads_lock - owner thread: 0x000000001e379000

Heap:
 PSYoungGen      total 128000K, used 45802K [0x000000076b300000, 0x0000000774b80000, 0x00000007c0000000)
  eden space 113152K, 40% used [0x000000076b300000,0x000000076dfbaa60,0x0000000772180000)
  from space 14848K, 0% used [0x0000000773000000,0x0000000773000000,0x0000000773e80000)
  to   space 14848K, 0% used [0x0000000772180000,0x0000000772180000,0x0000000773000000)
 ParOldGen       total 175616K, used 18210K [0x00000006c1800000, 0x00000006cc380000, 0x000000076b300000)
  object space 175616K, 10% used [0x00000006c1800000,0x00000006c29c8be0,0x00000006cc380000)
 Metaspace       used 38088K, capacity 38486K, committed 38656K, reserved 1083392K
  class space    used 4490K, capacity 4604K, committed 4608K, reserved 1048576K

Card table byte_map: [0x0000000013d00000,0x0000000014500000] byte_map_base: 0x00000000106f4000

Marking Bits: (ParMarkBitMap*) 0x0000000066eac720
 Begin Bits: [0x0000000015250000, 0x00000000191f0000)
 End Bits:   [0x00000000191f0000, 0x000000001d190000)

Polling page: 0x00000000028c0000

CodeCache: size=245760Kb used=16788Kb max_used=17100Kb free=228972Kb
 bounds [0x0000000004940000, 0x0000000005a10000, 0x0000000013940000]
 total_blobs=4724 nmethods=4255 adapters=388
 compilation: enabled

Compilation events (10 events):
Event: 6497.673 Thread 0x00000000202ae800 5088       3       org.springframework.core.MethodParameter::getParameterAnnotation (47 bytes)
Event: 6497.673 Thread 0x00000000202ae800 nmethod 5088 0x0000000004c012d0 code [0x0000000004c01460, 0x0000000004c01848]
Event: 6497.674 Thread 0x00000000202ae800 5089   !   3       java.util.concurrent.LinkedBlockingQueue::signalNotEmpty (33 bytes)
Event: 6497.674 Thread 0x00000000202ae800 nmethod 5089 0x00000000050467d0 code [0x00000000050469c0, 0x0000000005047338]
Event: 6545.056 Thread 0x00000000202ac000 5090   !   4       sun.misc.URLClassPath::check (123 bytes)
Event: 6545.056 Thread 0x00000000202ac000 nmethod 5090 0x0000000004acfbd0 code [0x0000000004acfd00, 0x0000000004acfd78]
Event: 6573.337 Thread 0x00000000202ae800 5091       3       java.util.concurrent.ConcurrentHashMap::values (27 bytes)
Event: 6573.337 Thread 0x00000000202ae800 nmethod 5091 0x0000000004dc3f90 code [0x0000000004dc4100, 0x0000000004dc4450]
Event: 6573.337 Thread 0x00000000202ae800 5092       3       java.util.concurrent.ConcurrentHashMap$ValuesView::iterator (34 bytes)
Event: 6573.337 Thread 0x00000000202ae800 nmethod 5092 0x00000000053e8590 code [0x00000000053e8720, 0x00000000053e8b58]

GC Heap History (10 events):
Event: 2.904 GC heap before
{Heap before GC invocations=4 (full 1):
 PSYoungGen      total 76288K, used 65536K [0x000000076b300000, 0x0000000770800000, 0x00000007c0000000)
  eden space 65536K, 100% used [0x000000076b300000,0x000000076f300000,0x000000076f300000)
  from space 10752K, 0% used [0x000000076fd80000,0x000000076fd80000,0x0000000770800000)
  to   space 10752K, 0% used [0x000000076f300000,0x000000076f300000,0x000000076fd80000)
 ParOldGen       total 117760K, used 9472K [0x00000006c1800000, 0x00000006c8b00000, 0x000000076b300000)
  object space 117760K, 8% used [0x00000006c1800000,0x00000006c21401b0,0x00000006c8b00000)
 Metaspace       used 26550K, capacity 26798K, committed 27136K, reserved 1073152K
  class space    used 3228K, capacity 3308K, committed 3328K, reserved 1048576K
Event: 2.911 GC heap after
Heap after GC invocations=4 (full 1):
 PSYoungGen      total 76288K, used 10250K [0x000000076b300000, 0x0000000771e00000, 0x00000007c0000000)
  eden space 65536K, 0% used [0x000000076b300000,0x000000076b300000,0x000000076f300000)
  from space 10752K, 95% used [0x000000076f300000,0x000000076fd02a00,0x000000076fd80000)
  to   space 10752K, 0% used [0x0000000771380000,0x0000000771380000,0x0000000771e00000)
 ParOldGen       total 117760K, used 9480K [0x00000006c1800000, 0x00000006c8b00000, 0x000000076b300000)
  object space 117760K, 8% used [0x00000006c1800000,0x00000006c21421b0,0x00000006c8b00000)
 Metaspace       used 26550K, capacity 26798K, committed 27136K, reserved 1073152K
  class space    used 3228K, capacity 3308K, committed 3328K, reserved 1048576K
}
Event: 4.050 GC heap before
{Heap before GC invocations=5 (full 1):
 PSYoungGen      total 76288K, used 75786K [0x000000076b300000, 0x0000000771e00000, 0x00000007c0000000)
  eden space 65536K, 100% used [0x000000076b300000,0x000000076f300000,0x000000076f300000)
  from space 10752K, 95% used [0x000000076f300000,0x000000076fd02a00,0x000000076fd80000)
  to   space 10752K, 0% used [0x0000000771380000,0x0000000771380000,0x0000000771e00000)
 ParOldGen       total 117760K, used 9480K [0x00000006c1800000, 0x00000006c8b00000, 0x000000076b300000)
  object space 117760K, 8% used [0x00000006c1800000,0x00000006c21421b0,0x00000006c8b00000)
 Metaspace       used 28859K, capacity 29100K, committed 29568K, reserved 1075200K
  class space    used 3516K, capacity 3601K, committed 3712K, reserved 1048576K
Event: 4.060 GC heap after
Heap after GC invocations=5 (full 1):
 PSYoungGen      total 98816K, used 10739K [0x000000076b300000, 0x0000000771e00000, 0x00000007c0000000)
  eden space 88064K, 0% used [0x000000076b300000,0x000000076b300000,0x0000000770900000)
  from space 10752K, 99% used [0x0000000771380000,0x0000000771dfcff0,0x0000000771e00000)
  to   space 10752K, 0% used [0x0000000770900000,0x0000000770900000,0x0000000771380000)
 ParOldGen       total 117760K, used 11626K [0x00000006c1800000, 0x00000006c8b00000, 0x000000076b300000)
  object space 117760K, 9% used [0x00000006c1800000,0x00000006c235aa58,0x00000006c8b00000)
 Metaspace       used 28859K, capacity 29100K, committed 29568K, reserved 1075200K
  class space    used 3516K, capacity 3601K, committed 3712K, reserved 1048576K
}
Event: 23.902 GC heap before
{Heap before GC invocations=6 (full 1):
 PSYoungGen      total 98816K, used 98803K [0x000000076b300000, 0x0000000771e00000, 0x00000007c0000000)
  eden space 88064K, 100% used [0x000000076b300000,0x0000000770900000,0x0000000770900000)
  from space 10752K, 99% used [0x0000000771380000,0x0000000771dfcff0,0x0000000771e00000)
  to   space 10752K, 0% used [0x0000000770900000,0x0000000770900000,0x0000000771380000)
 ParOldGen       total 117760K, used 11626K [0x00000006c1800000, 0x00000006c8b00000, 0x000000076b300000)
  object space 117760K, 9% used [0x00000006c1800000,0x00000006c235aa58,0x00000006c8b00000)
 Metaspace       used 34301K, capacity 34638K, committed 35072K, reserved 1079296K
  class space    used 4150K, capacity 4248K, committed 4352K, reserved 1048576K
Event: 23.910 GC heap after
Heap after GC invocations=6 (full 1):
 PSYoungGen      total 98816K, used 10730K [0x000000076b300000, 0x0000000773e80000, 0x00000007c0000000)
  eden space 88064K, 0% used [0x000000076b300000,0x000000076b300000,0x0000000770900000)
  from space 10752K, 99% used [0x0000000770900000,0x000000077137ab80,0x0000000771380000)
  to   space 14848K, 0% used [0x0000000773000000,0x0000000773000000,0x0000000773e80000)
 ParOldGen       total 117760K, used 15235K [0x00000006c1800000, 0x00000006c8b00000, 0x000000076b300000)
  object space 117760K, 12% used [0x00000006c1800000,0x00000006c26e0de8,0x00000006c8b00000)
 Metaspace       used 34301K, capacity 34638K, committed 35072K, reserved 1079296K
  class space    used 4150K, capacity 4248K, committed 4352K, reserved 1048576K
}
Event: 24.145 GC heap before
{Heap before GC invocations=7 (full 1):
 PSYoungGen      total 98816K, used 14604K [0x000000076b300000, 0x0000000773e80000, 0x00000007c0000000)
  eden space 88064K, 4% used [0x000000076b300000,0x000000076b6c87c8,0x0000000770900000)
  from space 10752K, 99% used [0x0000000770900000,0x000000077137ab80,0x0000000771380000)
  to   space 14848K, 0% used [0x0000000773000000,0x0000000773000000,0x0000000773e80000)
 ParOldGen       total 117760K, used 15235K [0x00000006c1800000, 0x00000006c8b00000, 0x000000076b300000)
  object space 117760K, 12% used [0x00000006c1800000,0x00000006c26e0de8,0x00000006c8b00000)
 Metaspace       used 34917K, capacity 35232K, committed 35496K, reserved 1081344K
  class space    used 4206K, capacity 4315K, committed 4352K, reserved 1048576K
Event: 24.153 GC heap after
Heap after GC invocations=7 (full 1):
 PSYoungGen      total 128000K, used 11815K [0x000000076b300000, 0x0000000774b80000, 0x00000007c0000000)
  eden space 113152K, 0% used [0x000000076b300000,0x000000076b300000,0x0000000772180000)
  from space 14848K, 79% used [0x0000000773000000,0x0000000773b89ee0,0x0000000773e80000)
  to   space 14848K, 0% used [0x0000000772180000,0x0000000772180000,0x0000000773000000)
 ParOldGen       total 117760K, used 15243K [0x00000006c1800000, 0x00000006c8b00000, 0x000000076b300000)
  object space 117760K, 12% used [0x00000006c1800000,0x00000006c26e2de8,0x00000006c8b00000)
 Metaspace       used 34917K, capacity 35232K, committed 35496K, reserved 1081344K
  class space    used 4206K, capacity 4315K, committed 4352K, reserved 1048576K
}
Event: 24.153 GC heap before
{Heap before GC invocations=8 (full 2):
 PSYoungGen      total 128000K, used 11815K [0x000000076b300000, 0x0000000774b80000, 0x00000007c0000000)
  eden space 113152K, 0% used [0x000000076b300000,0x000000076b300000,0x0000000772180000)
  from space 14848K, 79% used [0x0000000773000000,0x0000000773b89ee0,0x0000000773e80000)
  to   space 14848K, 0% used [0x0000000772180000,0x0000000772180000,0x0000000773000000)
 ParOldGen       total 117760K, used 15243K [0x00000006c1800000, 0x00000006c8b00000, 0x000000076b300000)
  object space 117760K, 12% used [0x00000006c1800000,0x00000006c26e2de8,0x00000006c8b00000)
 Metaspace       used 34917K, capacity 35232K, committed 35496K, reserved 1081344K
  class space    used 4206K, capacity 4315K, committed 4352K, reserved 1048576K
Event: 24.202 GC heap after
Heap after GC invocations=8 (full 2):
 PSYoungGen      total 128000K, used 0K [0x000000076b300000, 0x0000000774b80000, 0x00000007c0000000)
  eden space 113152K, 0% used [0x000000076b300000,0x000000076b300000,0x0000000772180000)
  from space 14848K, 0% used [0x0000000773000000,0x0000000773000000,0x0000000773e80000)
  to   space 14848K, 0% used [0x0000000772180000,0x0000000772180000,0x0000000773000000)
 ParOldGen       total 175616K, used 18210K [0x00000006c1800000, 0x00000006cc380000, 0x000000076b300000)
  object space 175616K, 10% used [0x00000006c1800000,0x00000006c29c8be0,0x00000006cc380000)
 Metaspace       used 34917K, capacity 35232K, committed 35496K, reserved 1081344K
  class space    used 4206K, capacity 4315K, committed 4352K, reserved 1048576K
}

Deoptimization events (10 events):
Event: 6010.595 Thread 0x0000000022a41000 Uncommon trap: reason=unhandled action=none pc=0x000000000549a470 method=java.lang.Class.getDeclaredMethod(Ljava/lang/String;[Ljava/lang/Class;)Ljava/lang/reflect/Method; @ 64
Event: 6221.485 Thread 0x0000000022a44800 Uncommon trap: reason=unhandled action=none pc=0x000000000549a470 method=java.lang.Class.getDeclaredMethod(Ljava/lang/String;[Ljava/lang/Class;)Ljava/lang/reflect/Method; @ 64
Event: 6460.310 Thread 0x0000000022a3f800 Uncommon trap: reason=unhandled action=none pc=0x000000000549a470 method=java.lang.Class.getDeclaredMethod(Ljava/lang/String;[Ljava/lang/Class;)Ljava/lang/reflect/Method; @ 64
Event: 6470.375 Thread 0x000000002a8f4800 Uncommon trap: reason=unhandled action=none pc=0x000000000504d57c method=java.net.URLClassLoader.findClass(Ljava/lang/String;)Ljava/lang/Class; @ 44
Event: 6470.377 Thread 0x000000002a8f4800 Uncommon trap: reason=unhandled action=none pc=0x000000000537e5e0 method=java.net.URLClassLoader.findClass(Ljava/lang/String;)Ljava/lang/Class; @ 44
Event: 6470.377 Thread 0x000000002a8f4800 Uncommon trap: reason=unhandled action=none pc=0x000000000504d57c method=java.net.URLClassLoader.findClass(Ljava/lang/String;)Ljava/lang/Class; @ 44
Event: 6470.377 Thread 0x000000002a8f4800 Uncommon trap: reason=unhandled action=none pc=0x000000000537e5e0 method=java.net.URLClassLoader.findClass(Ljava/lang/String;)Ljava/lang/Class; @ 44
Event: 6470.379 Thread 0x000000002a8f4800 Uncommon trap: reason=unhandled action=none pc=0x000000000504d57c method=java.net.URLClassLoader.findClass(Ljava/lang/String;)Ljava/lang/Class; @ 44
Event: 6470.379 Thread 0x000000002a8f4800 Uncommon trap: reason=unhandled action=none pc=0x000000000537e5e0 method=java.net.URLClassLoader.findClass(Ljava/lang/String;)Ljava/lang/Class; @ 44
Event: 6470.382 Thread 0x000000002a8f4800 Uncommon trap: reason=unhandled action=none pc=0x000000000549a470 method=java.lang.Class.getDeclaredMethod(Ljava/lang/String;[Ljava/lang/Class;)Ljava/lang/reflect/Method; @ 64

Internal exceptions (10 events):
Event: 3120.412 Thread 0x0000000022a41000 Exception <a 'java/lang/ArrayIndexOutOfBoundsException': 80> (0x000000076d004000) thrown at [C:\re\workspace\8-2-build-windows-amd64-cygwin\jdk8u131\8869\hotspot\src\share\vm\interpreter\interpreterRuntime.cpp, line 366]
Event: 3120.417 Thread 0x0000000022a41000 Implicit null exception at 0x0000000004c472bb to 0x0000000004c4749b
Event: 3120.425 Thread 0x0000000022a41000 Exception <a 'java/lang/reflect/InvocationTargetException'> (0x000000076d08f390) thrown at [C:\re\workspace\8-2-build-windows-amd64-cygwin\jdk8u131\8869\hotspot\src\share\vm\runtime\reflection.cpp, line 1092]
Event: 3120.450 Thread 0x0000000022a41000 Exception <a 'java/lang/ArrayIndexOutOfBoundsException': 101> (0x000000076d1d68b8) thrown at [C:\re\workspace\8-2-build-windows-amd64-cygwin\jdk8u131\8869\hotspot\src\share\vm\interpreter\interpreterRuntime.cpp, line 366]
Event: 3120.465 Thread 0x0000000022a41000 Exception <a 'java/lang/ArrayIndexOutOfBoundsException': 149> (0x000000076d29ac30) thrown at [C:\re\workspace\8-2-build-windows-amd64-cygwin\jdk8u131\8869\hotspot\src\share\vm\interpreter\interpreterRuntime.cpp, line 366]
Event: 3120.471 Thread 0x0000000022a41000 Exception <a 'java/lang/ArrayIndexOutOfBoundsException': 61> (0x000000076d2e4e30) thrown at [C:\re\workspace\8-2-build-windows-amd64-cygwin\jdk8u131\8869\hotspot\src\share\vm\interpreter\interpreterRuntime.cpp, line 366]
Event: 6005.873 Thread 0x0000000022a41000 Exception <a 'java/lang/reflect/InvocationTargetException'> (0x000000076dcd3600) thrown at [C:\re\workspace\8-2-build-windows-amd64-cygwin\jdk8u131\8869\hotspot\src\share\vm\runtime\reflection.cpp, line 1092]
Event: 6191.178 Thread 0x0000000022a44800 Exception <a 'java/lang/reflect/InvocationTargetException'> (0x000000076dd97350) thrown at [C:\re\workspace\8-2-build-windows-amd64-cygwin\jdk8u131\8869\hotspot\src\share\vm\runtime\reflection.cpp, line 1092]
Event: 6460.303 Thread 0x0000000022a3f800 Exception <a 'java/lang/reflect/InvocationTargetException'> (0x000000076dad2e40) thrown at [C:\re\workspace\8-2-build-windows-amd64-cygwin\jdk8u131\8869\hotspot\src\share\vm\runtime\reflection.cpp, line 1092]
Event: 6470.373 Thread 0x000000002a8f4800 Exception <a 'java/lang/reflect/InvocationTargetException'> (0x000000076db42e30) thrown at [C:\re\workspace\8-2-build-windows-amd64-cygwin\jdk8u131\8869\hotspot\src\share\vm\runtime\reflection.cpp, line 1092]

Events (10 events):
Event: 6595.793 Executing VM operation: ChangeSingleStep done
Event: 6595.793 Executing VM operation: GetCurrentLocation
Event: 6595.793 Executing VM operation: GetCurrentLocation done
Event: 6595.793 Executing VM operation: ChangeSingleStep
Event: 6595.793 Executing VM operation: ChangeSingleStep done
Event: 6595.793 Executing VM operation: ChangeSingleStep
Event: 6595.793 Executing VM operation: ChangeSingleStep done
Event: 6595.821 Executing VM operation: GetOrSetLocal
Event: 6595.821 Executing VM operation: GetOrSetLocal done
Event: 6595.913 Executing VM operation: GetOrSetLocal


Dynamic libraries:
0x00007ff6ac1e0000 - 0x00007ff6ac217000 	C:\Program Files\Java\jdk1.8.0_131\bin\javaw.exe
0x00007ffcc4ea0000 - 0x00007ffcc5080000 	C:\WINDOWS\SYSTEM32\ntdll.dll
0x00007ffcc2c70000 - 0x00007ffcc2d1e000 	C:\WINDOWS\System32\KERNEL32.DLL
0x00007ffcc1350000 - 0x00007ffcc15b6000 	C:\WINDOWS\System32\KERNELBASE.dll
0x00007ffcc4830000 - 0x00007ffcc48d1000 	C:\WINDOWS\System32\ADVAPI32.dll
0x00007ffcc4c20000 - 0x00007ffcc4cbd000 	C:\WINDOWS\System32\msvcrt.dll
0x00007ffcc4bb0000 - 0x00007ffcc4c0b000 	C:\WINDOWS\System32\sechost.dll
0x00007ffcc4a90000 - 0x00007ffcc4baf000 	C:\WINDOWS\System32\RPCRT4.dll
0x00007ffcc2370000 - 0x00007ffcc24ff000 	C:\WINDOWS\System32\USER32.dll
0x00007ffcc2120000 - 0x00007ffcc2140000 	C:\WINDOWS\System32\win32u.dll
0x00007ffcc26b0000 - 0x00007ffcc26d8000 	C:\WINDOWS\System32\GDI32.dll
0x00007ffcc1db0000 - 0x00007ffcc1f43000 	C:\WINDOWS\System32\gdi32full.dll
0x00007ffcc15c0000 - 0x00007ffcc165b000 	C:\WINDOWS\System32\msvcp_win.dll
0x00007ffcc1f50000 - 0x00007ffcc2046000 	C:\WINDOWS\System32\ucrtbase.dll
0x00007ffcb9980000 - 0x00007ffcb9be9000 	C:\WINDOWS\WinSxS\amd64_microsoft.windows.common-controls_6595b64144ccf1df_6.0.16299.192_none_15c8cdae9364c23b\COMCTL32.dll
0x00007ffcc4520000 - 0x00007ffcc4828000 	C:\WINDOWS\System32\combase.dll
0x00007ffcc20a0000 - 0x00007ffcc2112000 	C:\WINDOWS\System32\bcryptPrimitives.dll
0x00007ffcc2fb0000 - 0x00007ffcc2fdd000 	C:\WINDOWS\System32\IMM32.DLL
0x0000000068b70000 - 0x0000000068c42000 	C:\Program Files\Java\jdk1.8.0_131\jre\bin\msvcr100.dll
0x0000000066690000 - 0x0000000066f2c000 	C:\Program Files\Java\jdk1.8.0_131\jre\bin\server\jvm.dll
0x00007ffcc27b0000 - 0x00007ffcc27b8000 	C:\WINDOWS\System32\PSAPI.DLL
0x00007ffcbaf00000 - 0x00007ffcbaf23000 	C:\WINDOWS\SYSTEM32\WINMM.dll
0x00007ffcbacc0000 - 0x00007ffcbacca000 	C:\WINDOWS\SYSTEM32\VERSION.dll
0x00007ffcbfeb0000 - 0x00007ffcbfeb9000 	C:\WINDOWS\SYSTEM32\WSOCK32.dll
0x00007ffcc2d20000 - 0x00007ffcc2d8c000 	C:\WINDOWS\System32\WS2_32.dll
0x00007ffcbaea0000 - 0x00007ffcbaeca000 	C:\WINDOWS\SYSTEM32\winmmbase.dll
0x00007ffcc2050000 - 0x00007ffcc209a000 	C:\WINDOWS\System32\cfgmgr32.dll
0x0000000068190000 - 0x000000006819f000 	C:\Program Files\Java\jdk1.8.0_131\jre\bin\verify.dll
0x0000000066660000 - 0x0000000066689000 	C:\Program Files\Java\jdk1.8.0_131\jre\bin\java.dll
0x0000000068af0000 - 0x0000000068b25000 	C:\Program Files\Java\jdk1.8.0_131\jre\bin\jdwp.dll
0x0000000068b60000 - 0x0000000068b68000 	C:\Program Files\Java\jdk1.8.0_131\jre\bin\npt.dll
0x0000000066640000 - 0x0000000066656000 	C:\Program Files\Java\jdk1.8.0_131\jre\bin\zip.dll
0x00007ffcc2fe0000 - 0x00007ffcc4416000 	C:\WINDOWS\System32\SHELL32.dll
0x00007ffcc2d90000 - 0x00007ffcc2e36000 	C:\WINDOWS\System32\shcore.dll
0x00007ffcc1660000 - 0x00007ffcc1da7000 	C:\WINDOWS\System32\windows.storage.dll
0x00007ffcc2c10000 - 0x00007ffcc2c61000 	C:\WINDOWS\System32\shlwapi.dll
0x00007ffcc1280000 - 0x00007ffcc1291000 	C:\WINDOWS\System32\kernel.appcore.dll
0x00007ffcc11f0000 - 0x00007ffcc123c000 	C:\WINDOWS\System32\powrprof.dll
0x00007ffcc1240000 - 0x00007ffcc125b000 	C:\WINDOWS\System32\profapi.dll
0x00000000663e0000 - 0x00000000663e9000 	C:\Program Files\Java\jdk1.8.0_131\jre\bin\dt_socket.dll
0x00007ffcabd40000 - 0x00007ffcabd56000 	C:\WINDOWS\system32\napinsp.dll
0x00007ffcabd20000 - 0x00007ffcabd3a000 	C:\WINDOWS\system32\pnrpnsp.dll
0x00007ffcbd300000 - 0x00007ffcbd318000 	C:\WINDOWS\system32\NLAapi.dll
0x00007ffcc0a80000 - 0x00007ffcc0ae6000 	C:\WINDOWS\System32\mswsock.dll
0x00007ffcc0850000 - 0x00007ffcc0906000 	C:\WINDOWS\SYSTEM32\DNSAPI.dll
0x00007ffcc4a80000 - 0x00007ffcc4a88000 	C:\WINDOWS\System32\NSI.dll
0x00007ffcc0810000 - 0x00007ffcc0849000 	C:\WINDOWS\SYSTEM32\IPHLPAPI.DLL
0x00007ffcabae0000 - 0x00007ffcabaee000 	C:\WINDOWS\System32\winrnr.dll
0x00007ffcabac0000 - 0x00007ffcabad5000 	C:\WINDOWS\System32\wshbth.dll
0x00007ffcb5990000 - 0x00007ffcb5a00000 	C:\WINDOWS\System32\fwpuclnt.dll
0x00007ffcc0d50000 - 0x00007ffcc0d75000 	C:\WINDOWS\SYSTEM32\bcrypt.dll
0x00007ffcba140000 - 0x00007ffcba14a000 	C:\Windows\System32\rasadhlp.dll
0x00000000663d0000 - 0x00000000663dd000 	C:\Program Files\Java\jdk1.8.0_131\jre\bin\management.dll
0x0000000066620000 - 0x000000006663a000 	C:\Program Files\Java\jdk1.8.0_131\jre\bin\net.dll
0x0000000066600000 - 0x0000000066611000 	C:\Program Files\Java\jdk1.8.0_131\jre\bin\nio.dll
0x00007ffcc0c40000 - 0x00007ffcc0c57000 	C:\WINDOWS\SYSTEM32\CRYPTSP.dll
0x00007ffcc0690000 - 0x00007ffcc06c3000 	C:\WINDOWS\system32\rsaenh.dll
0x00007ffcc1120000 - 0x00007ffcc1149000 	C:\WINDOWS\SYSTEM32\USERENV.dll
0x00007ffcc0c60000 - 0x00007ffcc0c6b000 	C:\WINDOWS\SYSTEM32\CRYPTBASE.dll
0x00007ffcba7c0000 - 0x00007ffcba7d6000 	C:\WINDOWS\SYSTEM32\dhcpcsvc6.DLL
0x00007ffcba480000 - 0x00007ffcba49a000 	C:\WINDOWS\SYSTEM32\dhcpcsvc.DLL
0x00007ffcbfcb0000 - 0x00007ffcbfe78000 	C:\WINDOWS\SYSTEM32\dbghelp.dll

VM Arguments:
jvm_args: -agentlib:jdwp=transport=dt_socket,suspend=y,address=localhost:51584 -Dfile.encoding=UTF-8 
java_command: com.biz.demo.DemoApplication
java_class_path (initial): C:\siva\SpringBoot\GitHub\DynamicTableCreation-master\target\classes;C:\Users\bizruntime52\.m2\repository\com\google\code\gson\gson\2.8.2\gson-2.8.2.jar;C:\Users\bizruntime52\.m2\repository\org\springframework\boot\spring-boot-starter-jdbc\1.5.9.RELEASE\spring-boot-starter-jdbc-1.5.9.RELEASE.jar;C:\Users\bizruntime52\.m2\repository\org\springframework\boot\spring-boot-starter\1.5.9.RELEASE\spring-boot-starter-1.5.9.RELEASE.jar;C:\Users\bizruntime52\.m2\repository\org\springframework\boot\spring-boot\1.5.9.RELEASE\spring-boot-1.5.9.RELEASE.jar;C:\Users\bizruntime52\.m2\repository\org\springframework\boot\spring-boot-autoconfigure\1.5.9.RELEASE\spring-boot-autoconfigure-1.5.9.RELEASE.jar;C:\Users\bizruntime52\.m2\repository\org\springframework\boot\spring-boot-starter-logging\1.5.9.RELEASE\spring-boot-starter-logging-1.5.9.RELEASE.jar;C:\Users\bizruntime52\.m2\repository\ch\qos\logback\logback-classic\1.1.11\logback-classic-1.1.11.jar;C:\Users\bizruntime52\.m2\repository\ch\qos\logback\logback-core\1.1.11\logback-core-1.1.11.jar;C:\Users\bizruntime52\.m2\repository\org\slf4j\slf4j-api\1.7.25\slf4j-api-1.7.25.jar;C:\Users\bizruntime52\.m2\repository\org\slf4j\jcl-over-slf4j\1.7.25\jcl-over-slf4j-1.7.25.jar;C:\Users\bizruntime52\.m2\repository\org\slf4j\jul-to-slf4j\1.7.25\jul-to-slf4j-1.7.25.jar;C:\Users\bizruntime52\.m2\repository\org\slf4j\log4j-over-slf4j\1.7.25\log4j-over-slf4j-1.7.25.jar;C:\Users\bizruntime52\.m2\repository\org\springframework\spring-core\4.3.13.RELEASE\spring-core-4.3.13.RELEASE.jar;C:\Users\bizruntime52\.m2\repository\org\yaml\snakeyaml\1.17\snakeyaml-1.17.jar;C:\Users\bizruntime52\.m2\repository\org\apache\tomcat\tomcat-jdbc\8.5.23\tomcat-jdbc-8.5.23.jar;C:\Users\bizruntime52\.m2\repository\org\apache\tomcat\tomcat-juli\8.5.23\tomcat-juli-8.5.23.jar;C:\Users\bizruntime52\.m2\repository\org\springframework\spring-jdbc\4.3.13.RELEASE\spring-jdbc-4.3.13.RELEASE.jar;C:\Users\bizruntime52\.m2\repository\org\springframewo
Launcher Type: SUN_STANDARD

Environment Variables:
JAVA_HOME=C:\Program Files\Java\jdk1.8.0_131
PATH=C:\Program Files\Java\jdk1.8.0_131\jre\bin;C:/Program Files/Java/jdk1.8.0_131/bin/../jre/bin/server;C:/Program Files/Java/jdk1.8.0_131/bin/../jre/bin;C:/Program Files/Java/jdk1.8.0_131/bin/../jre/lib/amd64;C:\Program Files\Microsoft MPI\Bin\;C:\Program Files (x86)\scala\bin;C:\Program Files\dotnet\;C:\Program Files (x86)\Skype\Phone\;C:\Program Files (x86)\Microsoft SDKs\Azure\CLI\wbin;C:\Program Files\Microsoft\Web Platform Installer\;C:Windows\system32;C:\Program Files\Java\jdk1.8.0_131\bin;C:\siva\work\spark;C:\WINDOWS\system32;C:\Program Files (x86)\Microsoft SQL Server\Client SDK\ODBC\130\Tools\Binn\;C:\Program Files (x86)\Microsoft SQL Server\140\Tools\Binn\;C:\Program Files (x86)\Microsoft SQL Server\140\DTS\Binn\;C:\Program Files (x86)\Microsoft SQL Server\140\Tools\Binn\ManagementStudio\;C:\Program Files\apache-maven-3.5.0\bin;C:\Program Files\PuTTY\;C:\Program Files\nodejs\;C:\Program Files\Git\cmd;C:\WINDOWS;C:\WINDOWS\System32\Wbem;C:\WINDOWS\System32\WindowsPowerShell\v1.0\;C:\apache-ant-1.10.1\bin;C:\Program Files\MySQL\MySQL Server 5.7\bin;C:\Program Files\Microsoft Service Fabric\bin\Fabric\Fabric.Code;C:\Program Files\Microsoft SDKs\Service Fabric\Tools\ServiceFabricLocalClusterManager;C:\siva\hadoop\hadoop-2.9.0\bin;C:\Users\bizruntime52\AppData\Local\Programs\Python\Python35\Scripts\;C:\Users\bizruntime52\AppData\Local\Programs\Python\Python35\;C:\Users\bizruntime52\AppData\Local\Microsoft\WindowsApps;C:\Program Files (x86)\Microsoft VS Code\bin;C:\Users\bizruntime52\AppData\Roaming\npm;;C:\WINDOWS\system32;
USERNAME=bizruntime52
OS=Windows_NT
PROCESSOR_IDENTIFIER=Intel64 Family 6 Model 94 Stepping 3, GenuineIntel



---------------  S Y S T E M  ---------------

OS: Windows 10.0 , 64 bit Build 16299 (10.0.16299.15)

CPU:total 8 (initial active 8) (4 cores per cpu, 2 threads per core) family 6 model 94 stepping 3, cmov, cx8, fxsr, mmx, sse, sse2, sse3, ssse3, sse4.1, sse4.2, popcnt, avx, avx2, aes, clmul, erms, rtm, 3dnowpref, lzcnt, ht, tsc, tscinvbit, bmi1, bmi2, adx

Memory: 4k page, physical 16673316k(6294400k free), swap 29780516k(10538516k free)

vm_info: Java HotSpot(TM) 64-Bit Server VM (25.131-b11) for windows-amd64 JRE (1.8.0_131-b11), built on Mar 15 2017 01:23:53 by "java_re" with MS VC++ 10.0 (VS2010)

time: Fri Jan 12 22:39:19 2018
elapsed time: 6596 seconds (0d 1h 49m 56s)

